{"total": {"lines":{"total":127,"covered":126,"skipped":0,"pct":99.21},"statements":{"total":127,"covered":126,"skipped":0,"pct":99.21},"functions":{"total":20,"covered":20,"skipped":0,"pct":100},"branches":{"total":89,"covered":88,"skipped":0,"pct":98.88}}
,"/Users/xave/Documents/Projects/aircall-everywhere/src/javascripts/aircallPhone.js": {"lines":{"total":127,"covered":126,"skipped":0,"pct":99.21},"functions":{"total":20,"covered":20,"skipped":0,"pct":100},"statements":{"total":127,"covered":126,"skipped":0,"pct":99.21},"branches":{"total":89,"covered":88,"skipped":0,"pct":98.88}}
}
