{"total": {"lines":{"total":48,"covered":48,"skipped":0,"pct":100},"statements":{"total":48,"covered":48,"skipped":0,"pct":100},"functions":{"total":10,"covered":10,"skipped":0,"pct":100},"branches":{"total":34,"covered":34,"skipped":0,"pct":100}}
,"/Users/mass/Documents/GitHub/aircall-everywhere/src/javascripts/aircallPhone.js": {"lines":{"total":48,"covered":48,"skipped":0,"pct":100},"functions":{"total":10,"covered":10,"skipped":0,"pct":100},"statements":{"total":48,"covered":48,"skipped":0,"pct":100},"branches":{"total":34,"covered":34,"skipped":0,"pct":100}}
}
